0 info it worked if it ends with ok
1 verbose cli [ 'D:\\Program Files\\nodejs\\node.exe',
1 verbose cli   'D:\\Program Files\\nodejs\\node_modules\\npm\\bin\\npm-cli.js',
1 verbose cli   'run',
1 verbose cli   'server' ]
2 info using npm@3.10.10
3 info using node@v6.10.0
4 verbose run-script [ 'preserver', 'server', 'postserver' ]
5 info lifecycle auto-test-manager-front@0.0.1~preserver: auto-test-manager-front@0.0.1
6 silly lifecycle auto-test-manager-front@0.0.1~preserver: no script for preserver, continuing
7 info lifecycle auto-test-manager-front@0.0.1~server: auto-test-manager-front@0.0.1
8 verbose lifecycle auto-test-manager-front@0.0.1~server: unsafe-perm in lifecycle true
9 verbose lifecycle auto-test-manager-front@0.0.1~server: PATH: D:\Program Files\nodejs\node_modules\npm\bin\node-gyp-bin;G:\work\planB\PlanBPlatForm-front\node_modules\.bin;G:\Program Files\360\360DeskTop;C:\ProgramData\Oracle\Java\javapath;C:\WINDOWS\system32;C:\WINDOWS;C:\WINDOWS\System32\Wbem;C:\WINDOWS\System32\WindowsPowerShell\v1.0\;G:\Program Files\Java\jdk1.8.0_91\bin;G:\Program Files\TortoiseSVN\bin;D:\python35install;D:\Python27;D:\Program Files\nodejs\;D:\Program Files\nodejs;E:\MAVEN\apache-maven-3.3.9\bin;G:\Program Files (x86)\SSH Communications Security\SSH Secure Shell;C:\Users\weapon\AppData\Local\Microsoft\WindowsApps;C:\Users\weapon\AppData\Roaming\npm
10 verbose lifecycle auto-test-manager-front@0.0.1~server: CWD: G:\work\planB\PlanBPlatForm-front
11 silly lifecycle auto-test-manager-front@0.0.1~server: Args: [ '/d /s /c', 'webpack-dev-server' ]
12 verbose stack Error: kill ENOSYS
12 verbose stack     at exports._errnoException (util.js:1022:11)
12 verbose stack     at process.kill (internal/process.js:172:13)
12 verbose stack     at process.listener (D:\Program Files\nodejs\node_modules\npm\node_modules\npmlog\node_modules\gauge\node_modules\signal-exit\index.js:86:15)
12 verbose stack     at emitNone (events.js:91:20)
12 verbose stack     at process.emit (events.js:185:7)
12 verbose stack     at processEmit (D:\Program Files\nodejs\node_modules\npm\node_modules\npmlog\node_modules\gauge\node_modules\signal-exit\index.js:146:32)
12 verbose stack     at processEmit (D:\Program Files\nodejs\node_modules\npm\node_modules\npm-registry-client\node_modules\npmlog\node_modules\gauge\node_modules\signal-exit\index.js:146:32)
12 verbose stack     at Signal.wrap.onsignal (internal/process.js:199:44)
13 verbose cwd G:\work\planB\PlanBPlatForm-front
14 error Windows_NT 10.0.14393
15 error argv "D:\\Program Files\\nodejs\\node.exe" "D:\\Program Files\\nodejs\\node_modules\\npm\\bin\\npm-cli.js" "run" "server"
16 error node v6.10.0
17 error npm  v3.10.10
18 error code ENOSYS
19 error errno ENOSYS
20 error syscall kill
21 error kill ENOSYS
22 error If you need help, you may report this error at:
22 error     <https://github.com/npm/npm/issues>
23 verbose exit [ 1, true ]
